<?xml version="1.0" encoding="UTF-8"?>
<!-- Generated by org.testng.reporters.JUnitXMLReporter -->
<testsuite ignored="0" hostname="LTIN617310" failures="0" tests="3" name="Test" time="55.127" errors="0" timestamp="2025-06-24T16:18:24 IST">
  <testcase classname="TripPackageAutomation.TripPackageTestNG" name="navigationAndValidation" time="9.211"/>
  <testcase classname="TripPackageAutomation.TripPackageTestNG" name="listOfHolidayPackageAndPrices" time="26.89"/>
  <testcase classname="TripPackageAutomation.TripPackageTestNG" name="validateWithExcel" time="1.891"/>
</testsuite> <!-- Test -->
