<?xml version="1.0" encoding="UTF-8"?>
<testng-results ignored="0" total="3" passed="3" failed="0" skipped="0">
  <reporter-output>
  </reporter-output>
  <suite started-at="2025-06-24T16:17:29 IST" name="Suite" finished-at="2025-06-24T16:18:24 IST" duration-ms="55127">
    <groups>
    </groups>
    <test started-at="2025-06-24T16:17:29 IST" name="Test" finished-at="2025-06-24T16:18:24 IST" duration-ms="55127">
      <class name="TripPackageAutomation.TripPackageTestNG">
        <test-method is-config="true" signature="setup(java.lang.String)[pri:0, instance:TripPackageAutomation.TripPackageTestNG@1e800aaa]" started-at="2025-06-24T16:17:29 IST" name="setup" finished-at="2025-06-24T16:17:40 IST" duration-ms="11190" status="PASS">
          <params>
            <param index="0">
              <value>
                <![CDATA[edge]]>
              </value>
            </param>
          </params>
          <reporter-output>
          </reporter-output>
        </test-method> <!-- setup -->
        <test-method signature="navigationAndValidation()[pri:1, instance:TripPackageAutomation.TripPackageTestNG@1e800aaa]" started-at="2025-06-24T16:17:40 IST" name="navigationAndValidation" finished-at="2025-06-24T16:17:50 IST" duration-ms="9211" status="PASS">
          <reporter-output>
          </reporter-output>
        </test-method> <!-- navigationAndValidation -->
        <test-method signature="listOfHolidayPackageAndPrices()[pri:2, instance:TripPackageAutomation.TripPackageTestNG@1e800aaa]" started-at="2025-06-24T16:17:50 IST" name="listOfHolidayPackageAndPrices" finished-at="2025-06-24T16:18:17 IST" depends-on-methods="TripPackageAutomation.TripPackageTestNG.navigationAndValidation" duration-ms="26890" status="PASS">
          <reporter-output>
          </reporter-output>
        </test-method> <!-- listOfHolidayPackageAndPrices -->
        <test-method signature="validateWithExcel()[pri:3, instance:TripPackageAutomation.TripPackageTestNG@1e800aaa]" started-at="2025-06-24T16:18:17 IST" name="validateWithExcel" finished-at="2025-06-24T16:18:18 IST" depends-on-methods="TripPackageAutomation.TripPackageTestNG.listOfHolidayPackageAndPrices" duration-ms="1891" status="PASS">
          <reporter-output>
          </reporter-output>
        </test-method> <!-- validateWithExcel -->
        <test-method is-config="true" signature="tearDown()[pri:0, instance:TripPackageAutomation.TripPackageTestNG@1e800aaa]" started-at="2025-06-24T16:18:18 IST" name="tearDown" finished-at="2025-06-24T16:18:24 IST" duration-ms="5822" status="PASS">
          <reporter-output>
          </reporter-output>
        </test-method> <!-- tearDown -->
      </class> <!-- TripPackageAutomation.TripPackageTestNG -->
    </test> <!-- Test -->
  </suite> <!-- Suite -->
</testng-results>
